{"logLevel":"debug","message":"multithreading is set to false"}
{"logLevel":"debug","message":"Using reflection to scan dependencies for gauge implementations..."}
{"logLevel":"debug","message":"gauge-java took 5011milliseconds to load and scan. This should be less than 'runner_connection_timeout' config value."}
{"logLevel":"debug","message":"run 'gauge config runner_connection_timeout' and verify that it is < 5011"}
{"logLevel":"debug","message":"starting gRPC server..."}
{"logLevel":"debug","message":"started gRPC server on port 51625"}
{"logLevel":"info","message":"Listening on port:51625"}
{"logLevel":"debug","message":"Scanning packages for steps"}
{"logLevel":"debug","message":"Comparing 'TestCases.CargarHomeFuncionalidades.val_fun3' and 'TestCases.CargarHomeFuncionalidades.val_fun3'"}
{"logLevel":"debug","message":"Found Then el valida el texto de funcionalidad no existente {} {} in current project scope."}
{"logLevel":"debug","message":"Comparing 'TestCases.CargarHomeFuncionalidades.val_fun1' and 'TestCases.CargarHomeFuncionalidades.val_fun1'"}
{"logLevel":"debug","message":"Found When el valida el texto correcto de la funcionalidad 1 {} {} in current project scope."}
{"logLevel":"debug","message":"Comparing 'TestCases.IniciarTranscripcion.validarCargaVideo' and 'TestCases.IniciarTranscripcion.validarCargaVideo'"}
{"logLevel":"debug","message":"Found Then el valida carga del video in current project scope."}
{"logLevel":"debug","message":"Comparing 'TestCases.CargarHomeFuncionalidades.val_fun2' and 'TestCases.CargarHomeFuncionalidades.val_fun2'"}
{"logLevel":"debug","message":"Found And el valida el texto correcto de la funcionalidad 2 {} {} in current project scope."}
{"logLevel":"debug","message":"Comparing 'TestCases.CambiarIdioma.idioma_inicial' and 'TestCases.CambiarIdioma.idioma_inicial'"}
{"logLevel":"debug","message":"Found When el valida el idioma del texto {} in current project scope."}
{"logLevel":"debug","message":"Comparing 'TestCases.CambiarIdioma.val_idiomaNuevo' and 'TestCases.CambiarIdioma.val_idiomaNuevo'"}
{"logLevel":"debug","message":"Found Then el valida el idioma del texto {} in current project scope."}
{"logLevel":"debug","message":"Comparing 'TestCases.IniciarTranscripcion.cargarVideo' and 'TestCases.IniciarTranscripcion.cargarVideo'"}
{"logLevel":"debug","message":"Found When el carga video para transcripcion {} in current project scope."}
{"logLevel":"debug","message":"Comparing 'TestCases.CambiarIdioma.navegar' and 'TestCases.CambiarIdioma.navegar'"}
{"logLevel":"debug","message":"Found Given que el usuario quiere cambiar el idioma de {} in current project scope."}
{"logLevel":"debug","message":"Comparing 'TestCases.CargarHomeFuncionalidades.navegar' and 'TestCases.CargarHomeFuncionalidades.navegar'"}
{"logLevel":"debug","message":"Found Given que el usuario quiere ingresar a {} in current project scope."}
{"logLevel":"debug","message":"Comparing 'TestCases.CambiarIdioma.cambiaridioma' and 'TestCases.CambiarIdioma.cambiaridioma'"}
{"logLevel":"debug","message":"Found And el selecciona un nuevo idioma {} in current project scope."}
{"logLevel":"debug","message":"Comparing 'TestCases.CargarHomeFuncionalidades.navegar' and 'TestCases.IniciarTranscripcion.navegar'"}
{"logLevel":"debug","message":"Comparing 'TestCases.IniciarTranscripcion.navegar' and 'TestCases.IniciarTranscripcion.navegar'"}
{"logLevel":"debug","message":"Found Given que el usuario quiere ingresar a {} in current project scope."}
{"logLevel":"debug","message":"Scanning packages for hooks"}
{"logLevel":"debug","message":"Scanned steps (using static parsing + reflections): "}
{"logLevel":"debug","message":"\tThen el valida carga del video : public void validarCargaVideo()"}
{"logLevel":"debug","message":"\tWhen el valida el texto correcto de la funcionalidad 1 {} {} : public void val_fun1(String text_bold, String text_simple) throws Exception"}
{"logLevel":"debug","message":"\tGiven que el usuario quiere ingresar a {} : public void navegar(String URL)"}
{"logLevel":"debug","message":"\tWhen el valida el idioma del texto {} : public void idioma_inicial(String idiomaInicial) throws Exception"}
{"logLevel":"debug","message":"\tWhen el carga video para transcripcion {} : public void cargarVideo(String URL_video)"}
{"logLevel":"debug","message":"\tThen el valida el texto de funcionalidad no existente {} {} : public void val_fun3(String text_bold, String text_simple) throws Exception"}
{"logLevel":"debug","message":"\tAnd el valida el texto correcto de la funcionalidad 2 {} {} : public void val_fun2(String text_bold, String text_simple) throws Exception"}
{"logLevel":"debug","message":"\tAnd el selecciona un nuevo idioma {} : public void cambiaridioma(String idiomaNuevo)"}
{"logLevel":"debug","message":"\tThen el valida el idioma del texto {} : public void val_idiomaNuevo(String textoNuevo)"}
{"logLevel":"debug","message":"\tGiven que el usuario quiere cambiar el idioma de {} : public void navegar(String URL)"}
Ya creado
cerrado 2
